<?xml version="1.0" encoding="UTF-8"?>
<!-- Generated by org.testng.reporters.JUnitReportReporter -->
<testsuite hostname="Susmita" failures="0" tests="3" name="pages.testBox.TestInbox" time="70.552" errors="0" timestamp="2025-01-02T18:46:15 IST" skipped="0">
  <testcase classname="pages.testBox.TestInbox" name="testCalender" time="24.411"/>
  <testcase classname="pages.testBox.TestInbox" name="testSearchFunctionality" time="16.609"/>
  <testcase classname="pages.testBox.TestInbox" name="testDeleteFunctionality" time="29.532"/>
</testsuite> <!-- pages.testBox.TestInbox -->
