<?xml version="1.0" encoding="UTF-8"?>
<!-- Generated by org.testng.reporters.JUnitReportReporter -->
<testsuite hostname="Susmita" failures="0" tests="1" name="pages.testBox.TestWorkSpace" time="36.093" errors="0" timestamp="2025-01-02T18:46:15 IST" skipped="0">
  <testcase classname="pages.testBox.TestWorkSpace" name="testWorkspaceSelectPage" time="36.093"/>
</testsuite> <!-- pages.testBox.TestWorkSpace -->
