<?xml version="1.0" encoding="UTF-8"?>
<!-- Generated by org.testng.reporters.JUnitReportReporter -->
<testsuite hostname="Susmita" failures="0" tests="2" name="pages.testBox.TestClass" time="15.343" errors="0" timestamp="2025-01-02T18:46:15 IST" skipped="0">
  <testcase classname="pages.testBox.TestClass" name="visibilityOfAllElements" time="9.853"/>
  <testcase classname="pages.testBox.TestClass" name="testLogin" time="5.490"/>
</testsuite> <!-- pages.testBox.TestClass -->
